<?xml version="1.0" encoding="UTF-8"?>
<!-- Generated by org.testng.reporters.JUnitXMLReporter -->
<testsuite ignored="0" hostname="GANGADHAR" failures="0" tests="1" name="Test" time="0.106" errors="0" timestamp="2021-12-17T19:46:43 GST">
  <testcase classname="co.fb.pages.Testng1" name="@BeforeMethod beforeMethod" time="0.048">
    <failure type="java.lang.IllegalStateException" message="The driver executable must exist: C:\Users\Aruna\Drivers\chromedriver">
      <![CDATA[java.lang.IllegalStateException: The driver executable must exist: C:\Users\Aruna\Drivers\chromedriver
at org.openqa.selenium.internal.Require$FileStateChecker.isFile(Require.java:315)
at org.openqa.selenium.remote.service.DriverService.checkExecutable(DriverService.java:144)
at org.openqa.selenium.remote.service.DriverService.findExecutable(DriverService.java:139)
at org.openqa.selenium.chrome.ChromeDriverService.access$000(ChromeDriverService.java:38)
at org.openqa.selenium.chrome.ChromeDriverService$Builder.findDefaultExecutable(ChromeDriverService.java:231)
at org.openqa.selenium.remote.service.DriverService$Builder.build(DriverService.java:434)
at org.openqa.selenium.chrome.ChromeDriverService.createDefaultService(ChromeDriverService.java:127)
at org.openqa.selenium.chrome.ChromeDriver.<init>(ChromeDriver.java:46)
at co.fb.pages.Testng1.beforeMethod(Testng1.java:30)
at java.base/java.util.ArrayList.forEach(ArrayList.java:1541)
... Removed 31 stack frames]]>
    </failure>
  </testcase> <!-- @BeforeMethod beforeMethod -->
  <testcase classname="co.fb.pages.Testng1" name="@AfterMethod afterMethod" time="-1.63975600336E9">
    <skipped/>
  </testcase> <!-- @AfterMethod afterMethod -->
  <testcase classname="co.fb.pages.Testng1" name="f" time="0.0">
    <skipped/>
  </testcase> <!-- f -->
</testsuite> <!-- Test -->
